<?xml version="1.0" encoding="UTF-8"?>
<testsuite xmlns:xsi="http://www.w3.org/2001/XMLSchema-instance" xsi:noNamespaceSchemaLocation="https://maven.apache.org/surefire/maven-surefire-plugin/xsd/surefire-test-report.xsd" name="com.chasepacker.UVerbTest" time="0.003" tests="11" errors="0" skipped="0" failures="0">
  <properties>
    <property name="java.specification.version" value="20"/>
    <property name="sun.cpu.isalist" value="amd64"/>
    <property name="sun.jnu.encoding" value="Cp1252"/>
    <property name="java.class.path" value="D:\Coding\Jouzu\JouzuJapanese\jouzujapanese\target\test-classes;D:\Coding\Jouzu\JouzuJapanese\jouzujapanese\target\classes;C:\Users\packe\.m2\repository\junit\junit\4.11\junit-4.11.jar;C:\Users\packe\.m2\repository\org\hamcrest\hamcrest-core\1.3\hamcrest-core-1.3.jar;"/>
    <property name="java.vm.vendor" value="Oracle Corporation"/>
    <property name="sun.arch.data.model" value="64"/>
    <property name="user.variant" value=""/>
    <property name="java.vendor.url" value="https://java.oracle.com/"/>
    <property name="user.timezone" value="America/New_York"/>
    <property name="os.name" value="Windows 11"/>
    <property name="java.vm.specification.version" value="20"/>
    <property name="sun.java.launcher" value="SUN_STANDARD"/>
    <property name="user.country" value="US"/>
    <property name="sun.boot.library.path" value="D:\Applications\Java\jdk-20\bin"/>
    <property name="sun.java.command" value="C:\Users\packe\AppData\Local\Temp\surefire3287418102692383618\surefirebooter17876427855769587816.jar C:\Users\packe\AppData\Local\Temp\surefire3287418102692383618 2023-12-10T18-04-03_504-jvmRun1 surefire7342215611791727603tmp surefire_016443814564129391242tmp"/>
    <property name="jdk.debug" value="release"/>
    <property name="surefire.test.class.path" value="D:\Coding\Jouzu\JouzuJapanese\jouzujapanese\target\test-classes;D:\Coding\Jouzu\JouzuJapanese\jouzujapanese\target\classes;C:\Users\packe\.m2\repository\junit\junit\4.11\junit-4.11.jar;C:\Users\packe\.m2\repository\org\hamcrest\hamcrest-core\1.3\hamcrest-core-1.3.jar;"/>
    <property name="sun.cpu.endian" value="little"/>
    <property name="user.home" value="C:\Users\packe"/>
    <property name="user.language" value="en"/>
    <property name="java.specification.vendor" value="Oracle Corporation"/>
    <property name="java.version.date" value="2023-07-18"/>
    <property name="java.home" value="D:\Applications\Java\jdk-20"/>
    <property name="file.separator" value="\"/>
    <property name="basedir" value="D:\Coding\Jouzu\JouzuJapanese\jouzujapanese"/>
    <property name="java.vm.compressedOopsMode" value="Zero based"/>
    <property name="line.separator" value="&#10;"/>
    <property name="java.vm.specification.vendor" value="Oracle Corporation"/>
    <property name="java.specification.name" value="Java Platform API Specification"/>
    <property name="surefire.real.class.path" value="C:\Users\packe\AppData\Local\Temp\surefire3287418102692383618\surefirebooter17876427855769587816.jar"/>
    <property name="user.script" value=""/>
    <property name="sun.management.compiler" value="HotSpot 64-Bit Tiered Compilers"/>
    <property name="java.runtime.version" value="20.0.2+9-78"/>
    <property name="user.name" value="packe"/>
    <property name="stdout.encoding" value="Cp1252"/>
    <property name="path.separator" value=";"/>
    <property name="os.version" value="10.0"/>
    <property name="java.runtime.name" value="Java(TM) SE Runtime Environment"/>
    <property name="file.encoding" value="UTF-8"/>
    <property name="java.vm.name" value="Java HotSpot(TM) 64-Bit Server VM"/>
    <property name="localRepository" value="C:\Users\packe\.m2\repository"/>
    <property name="java.vendor.url.bug" value="https://bugreport.java.com/bugreport/"/>
    <property name="java.io.tmpdir" value="C:\Users\packe\AppData\Local\Temp\"/>
    <property name="java.version" value="20.0.2"/>
    <property name="user.dir" value="D:\Coding\Jouzu\JouzuJapanese\jouzujapanese"/>
    <property name="os.arch" value="amd64"/>
    <property name="java.vm.specification.name" value="Java Virtual Machine Specification"/>
    <property name="sun.os.patch.level" value=""/>
    <property name="native.encoding" value="Cp1252"/>
    <property name="java.library.path" value="D:\Applications\Java\jdk-20\bin;C:\WINDOWS\Sun\Java\bin;C:\WINDOWS\system32;C:\WINDOWS;D:\Programs\Quarto\bin;C:\Program Files (x86)\Razer Chroma SDK\bin;C:\Program Files\Razer Chroma SDK\bin;D:\Oculus\Support\oculus-runtime;C:\Program Files\Common Files\Oracle\Java\javapath;C:\Program Files (x86)\Razer\ChromaBroadcast\bin;C:\Program Files\Razer\ChromaBroadcast\bin;C:\WINDOWS\system32;C:\WINDOWS;C:\WINDOWS\System32\Wbem;C:\WINDOWS\System32\WindowsPowerShell\v1.0\;C:\WINDOWS\System32\OpenSSH\;C:\Program Files\dotnet\;C:\Users\packe\AppData\Local\Microsoft\WindowsApps;C:\WINDOWS\system32;C:\WINDOWS;C:\WINDOWS\System32\Wbem;C:\WINDOWS\System32\WindowsPowerShell\v1.0\;C:\WINDOWS\System32\OpenSSH\;D:\Applications\Java\jdk-20\bin;D:\Applications\Git\cmd;C:\WINDOWS\system32\config\systemprofile\AppData\Local\Microsoft\WindowsApps;D:\Applications\WinSCP\;D:\Users\packe\AppData\Roaming\Python\Python311\Scripts\;D:\Applications\Python\Python311\Scripts\;D:\Applications\Python\Python311\;C:\Users\packe\AppData\Local\Microsoft\WindowsApps;D:\Applications\Java\jdk-20;D:\Applications\Microsoft VS Code\bin;D:\Programs\apache-maven-3.9.6\bin;;."/>
    <property name="java.vm.info" value="mixed mode, sharing"/>
    <property name="stderr.encoding" value="Cp1252"/>
    <property name="java.vendor" value="Oracle Corporation"/>
    <property name="java.vm.version" value="20.0.2+9-78"/>
    <property name="sun.io.unicode.encoding" value="UnicodeLittle"/>
    <property name="java.class.version" value="64.0"/>
  </properties>
  <testcase name="testIku" classname="com.chasepacker.UVerbTest" time="0"/>
  <testcase name="testKau" classname="com.chasepacker.UVerbTest" time="0"/>
  <testcase name="testAsobu" classname="com.chasepacker.UVerbTest" time="0"/>
  <testcase name="testKaeru" classname="com.chasepacker.UVerbTest" time="0"/>
  <testcase name="testMatsu" classname="com.chasepacker.UVerbTest" time="0"/>
  <testcase name="testNaosu" classname="com.chasepacker.UVerbTest" time="0"/>
  <testcase name="testOyogu" classname="com.chasepacker.UVerbTest" time="0"/>
  <testcase name="testShinu" classname="com.chasepacker.UVerbTest" time="0.001"/>
  <testcase name="testNomu" classname="com.chasepacker.UVerbTest" time="0.001"/>
  <testcase name="testHiraku" classname="com.chasepacker.UVerbTest" time="0"/>
  <testcase name="testSetters" classname="com.chasepacker.UVerbTest" time="0"/>
</testsuite>